<?xml version="1.0" encoding="UTF-8"?>
<testsuite name="com.group.libraryapp.service.book.BookServiceTest" tests="4" skipped="0" failures="0" errors="0" timestamp="2025-08-17T12:29:01" hostname="Keithui-MacBookAir.local" time="0.128">
  <properties/>
  <testcase name="책 등록이 정상 동작한다" classname="com.group.libraryapp.service.book.BookServiceTest" time="0.07"/>
  <testcase name="책이 진작 대출되어 있다면, 신규 대출이 실패한다" classname="com.group.libraryapp.service.book.BookServiceTest" time="0.04"/>
  <testcase name="책 반납이 정상 동작한다" classname="com.group.libraryapp.service.book.BookServiceTest" time="0.012"/>
  <testcase name="책 대출이 정상 동작한다" classname="com.group.libraryapp.service.book.BookServiceTest" time="0.005"/>
  <system-out><![CDATA[2025-08-17 21:29:01.378  INFO 15323 --- [    Test worker] .b.t.c.SpringBootTestContextBootstrapper : Neither @ContextConfiguration nor @ContextHierarchy found for test class [com.group.libraryapp.service.book.BookServiceTest], using SpringBootContextLoader
2025-08-17 21:29:01.378  INFO 15323 --- [    Test worker] o.s.t.c.support.AbstractContextLoader    : Could not detect default resource locations for test class [com.group.libraryapp.service.book.BookServiceTest]: no resource found for suffixes {-context.xml, Context.groovy}.
2025-08-17 21:29:01.378  INFO 15323 --- [    Test worker] t.c.s.AnnotationConfigContextLoaderUtils : Could not detect default configuration classes for test class [com.group.libraryapp.service.book.BookServiceTest]: BookServiceTest does not declare any static, non-private, non-final, nested classes annotated with @Configuration.
2025-08-17 21:29:01.380  INFO 15323 --- [    Test worker] .b.t.c.SpringBootTestContextBootstrapper : Found @SpringBootConfiguration com.group.libraryapp.LibraryAppApplication for test class com.group.libraryapp.service.book.BookServiceTest
2025-08-17 21:29:01.381  INFO 15323 --- [    Test worker] .b.t.c.SpringBootTestContextBootstrapper : Loaded default TestExecutionListener class names from location [META-INF/spring.factories]: [org.springframework.boot.test.autoconfigure.restdocs.RestDocsTestExecutionListener, org.springframework.boot.test.autoconfigure.web.client.MockRestServiceServerResetTestExecutionListener, org.springframework.boot.test.autoconfigure.web.servlet.MockMvcPrintOnlyOnFailureTestExecutionListener, org.springframework.boot.test.autoconfigure.web.servlet.WebDriverTestExecutionListener, org.springframework.boot.test.autoconfigure.webservices.client.MockWebServiceServerTestExecutionListener, org.springframework.boot.test.mock.mockito.MockitoTestExecutionListener, org.springframework.boot.test.mock.mockito.ResetMocksTestExecutionListener, org.springframework.test.context.web.ServletTestExecutionListener, org.springframework.test.context.support.DirtiesContextBeforeModesTestExecutionListener, org.springframework.test.context.event.ApplicationEventsTestExecutionListener, org.springframework.test.context.support.DependencyInjectionTestExecutionListener, org.springframework.test.context.support.DirtiesContextTestExecutionListener, org.springframework.test.context.transaction.TransactionalTestExecutionListener, org.springframework.test.context.jdbc.SqlScriptsTestExecutionListener, org.springframework.test.context.event.EventPublishingTestExecutionListener]
2025-08-17 21:29:01.381  INFO 15323 --- [    Test worker] .b.t.c.SpringBootTestContextBootstrapper : Using TestExecutionListeners: [org.springframework.test.context.web.ServletTestExecutionListener@7adde776, org.springframework.test.context.support.DirtiesContextBeforeModesTestExecutionListener@3feb93a, org.springframework.test.context.event.ApplicationEventsTestExecutionListener@4ae435a3, org.springframework.boot.test.mock.mockito.MockitoTestExecutionListener@7f69c4c0, org.springframework.boot.test.autoconfigure.SpringBootDependencyInjectionTestExecutionListener@6a9a6a0c, org.springframework.test.context.support.DirtiesContextTestExecutionListener@1cdb290c, org.springframework.test.context.transaction.TransactionalTestExecutionListener@77f95e19, org.springframework.test.context.jdbc.SqlScriptsTestExecutionListener@4607cbe2, org.springframework.test.context.event.EventPublishingTestExecutionListener@7ff40324, org.springframework.boot.test.autoconfigure.restdocs.RestDocsTestExecutionListener@3a22d69f, org.springframework.boot.test.autoconfigure.web.client.MockRestServiceServerResetTestExecutionListener@7164e54, org.springframework.boot.test.autoconfigure.web.servlet.MockMvcPrintOnlyOnFailureTestExecutionListener@7f36cd8f, org.springframework.boot.test.autoconfigure.web.servlet.WebDriverTestExecutionListener@20040c6e, org.springframework.boot.test.autoconfigure.webservices.client.MockWebServiceServerTestExecutionListener@cbea0df, org.springframework.boot.test.mock.mockito.ResetMocksTestExecutionListener@396f3bf2]
2025-08-17 21:29:01.386  INFO 15323 --- [    Test worker] o.s.t.c.transaction.TransactionContext   : Began transaction (1) for test context [DefaultTestContext@71f86562 testClass = BookServiceTest, testInstance = com.group.libraryapp.service.book.BookServiceTest@5c141c7b, testMethod = saveBook@BookServiceTest, testException = [null], mergedContextConfiguration = [WebMergedContextConfiguration@14f254f testClass = BookServiceTest, locations = '{}', classes = '{class com.group.libraryapp.LibraryAppApplication}', contextInitializerClasses = '[]', activeProfiles = '{}', propertySourceLocations = '{}', propertySourceProperties = '{org.springframework.boot.test.context.SpringBootTestContextBootstrapper=true}', contextCustomizers = set[org.springframework.boot.test.autoconfigure.actuate.metrics.MetricsExportContextCustomizerFactory$DisableMetricExportContextCustomizer@4716be8b, org.springframework.boot.test.autoconfigure.properties.PropertyMappingContextCustomizer@0, org.springframework.boot.test.autoconfigure.web.servlet.WebDriverContextCustomizerFactory$Customizer@66c61024, org.springframework.boot.test.context.filter.ExcludeFilterContextCustomizer@35432107, org.springframework.boot.test.json.DuplicateJsonObjectContextCustomizerFactory$DuplicateJsonObjectContextCustomizer@265adfad, org.springframework.boot.test.mock.mockito.MockitoContextCustomizer@0, org.springframework.boot.test.web.client.TestRestTemplateContextCustomizer@77128536, org.springframework.boot.test.context.SpringBootTestArgs@1, org.springframework.boot.test.context.SpringBootTestWebEnvironment@38102d01], resourceBasePath = 'src/main/webapp', contextLoader = 'org.springframework.boot.test.context.SpringBootContextLoader', parent = [null]], attributes = map['org.springframework.test.context.web.ServletTestExecutionListener.activateListener' -> true, 'org.springframework.test.context.web.ServletTestExecutionListener.populatedRequestContextHolder' -> true, 'org.springframework.test.context.web.ServletTestExecutionListener.resetRequestContextHolder' -> true, 'org.springframework.test.context.event.ApplicationEventsTestExecutionListener.recordApplicationEvents' -> false]]; transaction manager [org.springframework.orm.jpa.JpaTransactionManager@47cf922d]; rollback [true]
Hibernate: 
    insert 
    into
        book
        (id, name) 
    values
        (default, ?)
Hibernate: 
    select
        book0_.id as id1_0_,
        book0_.name as name2_0_ 
    from
        book book0_
2025-08-17 21:29:01.454  INFO 15323 --- [    Test worker] o.s.t.c.transaction.TransactionContext   : Rolled back transaction for test: [DefaultTestContext@71f86562 testClass = BookServiceTest, testInstance = com.group.libraryapp.service.book.BookServiceTest@5c141c7b, testMethod = saveBook@BookServiceTest, testException = [null], mergedContextConfiguration = [WebMergedContextConfiguration@14f254f testClass = BookServiceTest, locations = '{}', classes = '{class com.group.libraryapp.LibraryAppApplication}', contextInitializerClasses = '[]', activeProfiles = '{}', propertySourceLocations = '{}', propertySourceProperties = '{org.springframework.boot.test.context.SpringBootTestContextBootstrapper=true}', contextCustomizers = set[org.springframework.boot.test.autoconfigure.actuate.metrics.MetricsExportContextCustomizerFactory$DisableMetricExportContextCustomizer@4716be8b, org.springframework.boot.test.autoconfigure.properties.PropertyMappingContextCustomizer@0, org.springframework.boot.test.autoconfigure.web.servlet.WebDriverContextCustomizerFactory$Customizer@66c61024, org.springframework.boot.test.context.filter.ExcludeFilterContextCustomizer@35432107, org.springframework.boot.test.json.DuplicateJsonObjectContextCustomizerFactory$DuplicateJsonObjectContextCustomizer@265adfad, org.springframework.boot.test.mock.mockito.MockitoContextCustomizer@0, org.springframework.boot.test.web.client.TestRestTemplateContextCustomizer@77128536, org.springframework.boot.test.context.SpringBootTestArgs@1, org.springframework.boot.test.context.SpringBootTestWebEnvironment@38102d01], resourceBasePath = 'src/main/webapp', contextLoader = 'org.springframework.boot.test.context.SpringBootContextLoader', parent = [null]], attributes = map['org.springframework.test.context.web.ServletTestExecutionListener.activateListener' -> true, 'org.springframework.test.context.web.ServletTestExecutionListener.populatedRequestContextHolder' -> true, 'org.springframework.test.context.web.ServletTestExecutionListener.resetRequestContextHolder' -> true, 'org.springframework.test.context.event.ApplicationEventsTestExecutionListener.recordApplicationEvents' -> false]]
2025-08-17 21:29:01.455  INFO 15323 --- [    Test worker] o.s.t.c.transaction.TransactionContext   : Began transaction (1) for test context [DefaultTestContext@71f86562 testClass = BookServiceTest, testInstance = com.group.libraryapp.service.book.BookServiceTest@1e60890c, testMethod = loanBookFailTest@BookServiceTest, testException = [null], mergedContextConfiguration = [WebMergedContextConfiguration@14f254f testClass = BookServiceTest, locations = '{}', classes = '{class com.group.libraryapp.LibraryAppApplication}', contextInitializerClasses = '[]', activeProfiles = '{}', propertySourceLocations = '{}', propertySourceProperties = '{org.springframework.boot.test.context.SpringBootTestContextBootstrapper=true}', contextCustomizers = set[org.springframework.boot.test.autoconfigure.actuate.metrics.MetricsExportContextCustomizerFactory$DisableMetricExportContextCustomizer@4716be8b, org.springframework.boot.test.autoconfigure.properties.PropertyMappingContextCustomizer@0, org.springframework.boot.test.autoconfigure.web.servlet.WebDriverContextCustomizerFactory$Customizer@66c61024, org.springframework.boot.test.context.filter.ExcludeFilterContextCustomizer@35432107, org.springframework.boot.test.json.DuplicateJsonObjectContextCustomizerFactory$DuplicateJsonObjectContextCustomizer@265adfad, org.springframework.boot.test.mock.mockito.MockitoContextCustomizer@0, org.springframework.boot.test.web.client.TestRestTemplateContextCustomizer@77128536, org.springframework.boot.test.context.SpringBootTestArgs@1, org.springframework.boot.test.context.SpringBootTestWebEnvironment@38102d01], resourceBasePath = 'src/main/webapp', contextLoader = 'org.springframework.boot.test.context.SpringBootContextLoader', parent = [null]], attributes = map['org.springframework.test.context.web.ServletTestExecutionListener.activateListener' -> true, 'org.springframework.test.context.web.ServletTestExecutionListener.populatedRequestContextHolder' -> true, 'org.springframework.test.context.web.ServletTestExecutionListener.resetRequestContextHolder' -> true, 'org.springframework.test.context.event.ApplicationEventsTestExecutionListener.recordApplicationEvents' -> false]]; transaction manager [org.springframework.orm.jpa.JpaTransactionManager@47cf922d]; rollback [true]
Hibernate: 
    insert 
    into
        book
        (id, name) 
    values
        (default, ?)
Hibernate: 
    insert 
    into
        user
        (id, age, name) 
    values
        (default, ?, ?)
Hibernate: 
    insert 
    into
        user_loan_history
        (id, book_name, is_return, user_id) 
    values
        (default, ?, ?, ?)
Hibernate: 
    select
        book0_.id as id1_0_,
        book0_.name as name2_0_ 
    from
        book book0_ 
    where
        book0_.name=?
Hibernate: 
    select
        userloanhi0_.id as id1_2_,
        userloanhi0_.book_name as book_nam2_2_,
        userloanhi0_.is_return as is_retur3_2_,
        userloanhi0_.user_id as user_id4_2_ 
    from
        user_loan_history userloanhi0_ 
    where
        userloanhi0_.book_name=? 
        and userloanhi0_.is_return=?
2025-08-17 21:29:01.494  INFO 15323 --- [    Test worker] o.s.t.c.transaction.TransactionContext   : Rolled back transaction for test: [DefaultTestContext@71f86562 testClass = BookServiceTest, testInstance = com.group.libraryapp.service.book.BookServiceTest@1e60890c, testMethod = loanBookFailTest@BookServiceTest, testException = [null], mergedContextConfiguration = [WebMergedContextConfiguration@14f254f testClass = BookServiceTest, locations = '{}', classes = '{class com.group.libraryapp.LibraryAppApplication}', contextInitializerClasses = '[]', activeProfiles = '{}', propertySourceLocations = '{}', propertySourceProperties = '{org.springframework.boot.test.context.SpringBootTestContextBootstrapper=true}', contextCustomizers = set[org.springframework.boot.test.autoconfigure.actuate.metrics.MetricsExportContextCustomizerFactory$DisableMetricExportContextCustomizer@4716be8b, org.springframework.boot.test.autoconfigure.properties.PropertyMappingContextCustomizer@0, org.springframework.boot.test.autoconfigure.web.servlet.WebDriverContextCustomizerFactory$Customizer@66c61024, org.springframework.boot.test.context.filter.ExcludeFilterContextCustomizer@35432107, org.springframework.boot.test.json.DuplicateJsonObjectContextCustomizerFactory$DuplicateJsonObjectContextCustomizer@265adfad, org.springframework.boot.test.mock.mockito.MockitoContextCustomizer@0, org.springframework.boot.test.web.client.TestRestTemplateContextCustomizer@77128536, org.springframework.boot.test.context.SpringBootTestArgs@1, org.springframework.boot.test.context.SpringBootTestWebEnvironment@38102d01], resourceBasePath = 'src/main/webapp', contextLoader = 'org.springframework.boot.test.context.SpringBootContextLoader', parent = [null]], attributes = map['org.springframework.test.context.web.ServletTestExecutionListener.activateListener' -> true, 'org.springframework.test.context.web.ServletTestExecutionListener.populatedRequestContextHolder' -> true, 'org.springframework.test.context.web.ServletTestExecutionListener.resetRequestContextHolder' -> true, 'org.springframework.test.context.event.ApplicationEventsTestExecutionListener.recordApplicationEvents' -> false]]
2025-08-17 21:29:01.495  INFO 15323 --- [    Test worker] o.s.t.c.transaction.TransactionContext   : Began transaction (1) for test context [DefaultTestContext@71f86562 testClass = BookServiceTest, testInstance = com.group.libraryapp.service.book.BookServiceTest@42c9f2cd, testMethod = returnBookTest@BookServiceTest, testException = [null], mergedContextConfiguration = [WebMergedContextConfiguration@14f254f testClass = BookServiceTest, locations = '{}', classes = '{class com.group.libraryapp.LibraryAppApplication}', contextInitializerClasses = '[]', activeProfiles = '{}', propertySourceLocations = '{}', propertySourceProperties = '{org.springframework.boot.test.context.SpringBootTestContextBootstrapper=true}', contextCustomizers = set[org.springframework.boot.test.autoconfigure.actuate.metrics.MetricsExportContextCustomizerFactory$DisableMetricExportContextCustomizer@4716be8b, org.springframework.boot.test.autoconfigure.properties.PropertyMappingContextCustomizer@0, org.springframework.boot.test.autoconfigure.web.servlet.WebDriverContextCustomizerFactory$Customizer@66c61024, org.springframework.boot.test.context.filter.ExcludeFilterContextCustomizer@35432107, org.springframework.boot.test.json.DuplicateJsonObjectContextCustomizerFactory$DuplicateJsonObjectContextCustomizer@265adfad, org.springframework.boot.test.mock.mockito.MockitoContextCustomizer@0, org.springframework.boot.test.web.client.TestRestTemplateContextCustomizer@77128536, org.springframework.boot.test.context.SpringBootTestArgs@1, org.springframework.boot.test.context.SpringBootTestWebEnvironment@38102d01], resourceBasePath = 'src/main/webapp', contextLoader = 'org.springframework.boot.test.context.SpringBootContextLoader', parent = [null]], attributes = map['org.springframework.test.context.web.ServletTestExecutionListener.activateListener' -> true, 'org.springframework.test.context.web.ServletTestExecutionListener.populatedRequestContextHolder' -> true, 'org.springframework.test.context.web.ServletTestExecutionListener.resetRequestContextHolder' -> true, 'org.springframework.test.context.event.ApplicationEventsTestExecutionListener.recordApplicationEvents' -> false]]; transaction manager [org.springframework.orm.jpa.JpaTransactionManager@47cf922d]; rollback [true]
Hibernate: 
    insert 
    into
        book
        (id, name) 
    values
        (default, ?)
Hibernate: 
    insert 
    into
        user
        (id, age, name) 
    values
        (default, ?, ?)
Hibernate: 
    select
        book0_.id as id1_0_,
        book0_.name as name2_0_ 
    from
        book book0_ 
    where
        book0_.name=?
Hibernate: 
    select
        userloanhi0_.id as id1_2_,
        userloanhi0_.book_name as book_nam2_2_,
        userloanhi0_.is_return as is_retur3_2_,
        userloanhi0_.user_id as user_id4_2_ 
    from
        user_loan_history userloanhi0_ 
    where
        userloanhi0_.book_name=? 
        and userloanhi0_.is_return=?
Hibernate: 
    select
        user0_.id as id1_1_,
        user0_.age as age2_1_,
        user0_.name as name3_1_ 
    from
        user user0_ 
    where
        user0_.name=?
Hibernate: 
    insert 
    into
        user_loan_history
        (id, book_name, is_return, user_id) 
    values
        (default, ?, ?, ?)
Hibernate: 
    select
        user0_.id as id1_1_,
        user0_.age as age2_1_,
        user0_.name as name3_1_ 
    from
        user user0_ 
    where
        user0_.name=?
Hibernate: 
    update
        user_loan_history 
    set
        book_name=?,
        is_return=?,
        user_id=? 
    where
        id=?
Hibernate: 
    select
        userloanhi0_.id as id1_2_,
        userloanhi0_.book_name as book_nam2_2_,
        userloanhi0_.is_return as is_retur3_2_,
        userloanhi0_.user_id as user_id4_2_ 
    from
        user_loan_history userloanhi0_
2025-08-17 21:29:01.507  INFO 15323 --- [    Test worker] o.s.t.c.transaction.TransactionContext   : Rolled back transaction for test: [DefaultTestContext@71f86562 testClass = BookServiceTest, testInstance = com.group.libraryapp.service.book.BookServiceTest@42c9f2cd, testMethod = returnBookTest@BookServiceTest, testException = [null], mergedContextConfiguration = [WebMergedContextConfiguration@14f254f testClass = BookServiceTest, locations = '{}', classes = '{class com.group.libraryapp.LibraryAppApplication}', contextInitializerClasses = '[]', activeProfiles = '{}', propertySourceLocations = '{}', propertySourceProperties = '{org.springframework.boot.test.context.SpringBootTestContextBootstrapper=true}', contextCustomizers = set[org.springframework.boot.test.autoconfigure.actuate.metrics.MetricsExportContextCustomizerFactory$DisableMetricExportContextCustomizer@4716be8b, org.springframework.boot.test.autoconfigure.properties.PropertyMappingContextCustomizer@0, org.springframework.boot.test.autoconfigure.web.servlet.WebDriverContextCustomizerFactory$Customizer@66c61024, org.springframework.boot.test.context.filter.ExcludeFilterContextCustomizer@35432107, org.springframework.boot.test.json.DuplicateJsonObjectContextCustomizerFactory$DuplicateJsonObjectContextCustomizer@265adfad, org.springframework.boot.test.mock.mockito.MockitoContextCustomizer@0, org.springframework.boot.test.web.client.TestRestTemplateContextCustomizer@77128536, org.springframework.boot.test.context.SpringBootTestArgs@1, org.springframework.boot.test.context.SpringBootTestWebEnvironment@38102d01], resourceBasePath = 'src/main/webapp', contextLoader = 'org.springframework.boot.test.context.SpringBootContextLoader', parent = [null]], attributes = map['org.springframework.test.context.web.ServletTestExecutionListener.activateListener' -> true, 'org.springframework.test.context.web.ServletTestExecutionListener.populatedRequestContextHolder' -> true, 'org.springframework.test.context.web.ServletTestExecutionListener.resetRequestContextHolder' -> true, 'org.springframework.test.context.event.ApplicationEventsTestExecutionListener.recordApplicationEvents' -> false]]
2025-08-17 21:29:01.508  INFO 15323 --- [    Test worker] o.s.t.c.transaction.TransactionContext   : Began transaction (1) for test context [DefaultTestContext@71f86562 testClass = BookServiceTest, testInstance = com.group.libraryapp.service.book.BookServiceTest@32a29361, testMethod = loanBook@BookServiceTest, testException = [null], mergedContextConfiguration = [WebMergedContextConfiguration@14f254f testClass = BookServiceTest, locations = '{}', classes = '{class com.group.libraryapp.LibraryAppApplication}', contextInitializerClasses = '[]', activeProfiles = '{}', propertySourceLocations = '{}', propertySourceProperties = '{org.springframework.boot.test.context.SpringBootTestContextBootstrapper=true}', contextCustomizers = set[org.springframework.boot.test.autoconfigure.actuate.metrics.MetricsExportContextCustomizerFactory$DisableMetricExportContextCustomizer@4716be8b, org.springframework.boot.test.autoconfigure.properties.PropertyMappingContextCustomizer@0, org.springframework.boot.test.autoconfigure.web.servlet.WebDriverContextCustomizerFactory$Customizer@66c61024, org.springframework.boot.test.context.filter.ExcludeFilterContextCustomizer@35432107, org.springframework.boot.test.json.DuplicateJsonObjectContextCustomizerFactory$DuplicateJsonObjectContextCustomizer@265adfad, org.springframework.boot.test.mock.mockito.MockitoContextCustomizer@0, org.springframework.boot.test.web.client.TestRestTemplateContextCustomizer@77128536, org.springframework.boot.test.context.SpringBootTestArgs@1, org.springframework.boot.test.context.SpringBootTestWebEnvironment@38102d01], resourceBasePath = 'src/main/webapp', contextLoader = 'org.springframework.boot.test.context.SpringBootContextLoader', parent = [null]], attributes = map['org.springframework.test.context.web.ServletTestExecutionListener.activateListener' -> true, 'org.springframework.test.context.web.ServletTestExecutionListener.populatedRequestContextHolder' -> true, 'org.springframework.test.context.web.ServletTestExecutionListener.resetRequestContextHolder' -> true, 'org.springframework.test.context.event.ApplicationEventsTestExecutionListener.recordApplicationEvents' -> false]]; transaction manager [org.springframework.orm.jpa.JpaTransactionManager@47cf922d]; rollback [true]
Hibernate: 
    insert 
    into
        book
        (id, name) 
    values
        (default, ?)
Hibernate: 
    insert 
    into
        user
        (id, age, name) 
    values
        (default, ?, ?)
Hibernate: 
    select
        book0_.id as id1_0_,
        book0_.name as name2_0_ 
    from
        book book0_ 
    where
        book0_.name=?
Hibernate: 
    select
        userloanhi0_.id as id1_2_,
        userloanhi0_.book_name as book_nam2_2_,
        userloanhi0_.is_return as is_retur3_2_,
        userloanhi0_.user_id as user_id4_2_ 
    from
        user_loan_history userloanhi0_ 
    where
        userloanhi0_.book_name=? 
        and userloanhi0_.is_return=?
Hibernate: 
    select
        user0_.id as id1_1_,
        user0_.age as age2_1_,
        user0_.name as name3_1_ 
    from
        user user0_ 
    where
        user0_.name=?
Hibernate: 
    insert 
    into
        user_loan_history
        (id, book_name, is_return, user_id) 
    values
        (default, ?, ?, ?)
Hibernate: 
    select
        userloanhi0_.id as id1_2_,
        userloanhi0_.book_name as book_nam2_2_,
        userloanhi0_.is_return as is_retur3_2_,
        userloanhi0_.user_id as user_id4_2_ 
    from
        user_loan_history userloanhi0_
2025-08-17 21:29:01.512  INFO 15323 --- [    Test worker] o.s.t.c.transaction.TransactionContext   : Rolled back transaction for test: [DefaultTestContext@71f86562 testClass = BookServiceTest, testInstance = com.group.libraryapp.service.book.BookServiceTest@32a29361, testMethod = loanBook@BookServiceTest, testException = [null], mergedContextConfiguration = [WebMergedContextConfiguration@14f254f testClass = BookServiceTest, locations = '{}', classes = '{class com.group.libraryapp.LibraryAppApplication}', contextInitializerClasses = '[]', activeProfiles = '{}', propertySourceLocations = '{}', propertySourceProperties = '{org.springframework.boot.test.context.SpringBootTestContextBootstrapper=true}', contextCustomizers = set[org.springframework.boot.test.autoconfigure.actuate.metrics.MetricsExportContextCustomizerFactory$DisableMetricExportContextCustomizer@4716be8b, org.springframework.boot.test.autoconfigure.properties.PropertyMappingContextCustomizer@0, org.springframework.boot.test.autoconfigure.web.servlet.WebDriverContextCustomizerFactory$Customizer@66c61024, org.springframework.boot.test.context.filter.ExcludeFilterContextCustomizer@35432107, org.springframework.boot.test.json.DuplicateJsonObjectContextCustomizerFactory$DuplicateJsonObjectContextCustomizer@265adfad, org.springframework.boot.test.mock.mockito.MockitoContextCustomizer@0, org.springframework.boot.test.web.client.TestRestTemplateContextCustomizer@77128536, org.springframework.boot.test.context.SpringBootTestArgs@1, org.springframework.boot.test.context.SpringBootTestWebEnvironment@38102d01], resourceBasePath = 'src/main/webapp', contextLoader = 'org.springframework.boot.test.context.SpringBootContextLoader', parent = [null]], attributes = map['org.springframework.test.context.web.ServletTestExecutionListener.activateListener' -> true, 'org.springframework.test.context.web.ServletTestExecutionListener.populatedRequestContextHolder' -> true, 'org.springframework.test.context.web.ServletTestExecutionListener.resetRequestContextHolder' -> true, 'org.springframework.test.context.event.ApplicationEventsTestExecutionListener.recordApplicationEvents' -> false]]
]]></system-out>
  <system-err><![CDATA[]]></system-err>
</testsuite>
